This is pdfTeX, Version 3.141592653-2.6-1.40.24 (TeX Live 2022) (preloaded format=pdflatex 2023.1.3)  21 APR 2023 20:07
entering extended mode
 restricted \write18 enabled.
 file:line:error style messages enabled.
 %&-line parsing enabled.
**c:/Users/1amaj/OneDrive/Desktop/School/EE-519/HW1/texfile/hw01.tex
(c:/Users/1amaj/OneDrive/Desktop/School/EE-519/HW1/texfile/hw01.tex
LaTeX2e <2022-11-01> patch level 1
L3 programming layer <2022-12-17> (c:/texlive/2022/texmf-dist/tex/latex/base/article.cls
Document Class: article 2022/07/02 v1.4n Standard LaTeX document class
(c:/texlive/2022/texmf-dist/tex/latex/base/size10.clo
File: size10.clo 2022/07/02 v1.4n Standard LaTeX file (size option)
)
\c@part=\count185
\c@section=\count186
\c@subsection=\count187
\c@subsubsection=\count188
\c@paragraph=\count189
\c@subparagraph=\count190
\c@figure=\count191
\c@table=\count192
\abovecaptionskip=\skip48
\belowcaptionskip=\skip49
\bibindent=\dimen140
) (c:/texlive/2022/texmf-dist/tex/latex/titlesec/titlesec.sty
Package: titlesec 2021/07/05 v2.14 Sectioning titles
\ttl@box=\box51
\beforetitleunit=\skip50
\aftertitleunit=\skip51
\ttl@plus=\dimen141
\ttl@minus=\dimen142
\ttl@toksa=\toks16
\titlewidth=\dimen143
\titlewidthlast=\dimen144
\titlewidthfirst=\dimen145
) (c:/texlive/2022/texmf-dist/tex/latex/preprint/fullpage.sty
Package: fullpage 1999/02/23 1.1 (PWD)
\FP@margin=\skip52
) (c:/texlive/2022/texmf-dist/tex/latex/amsmath/amsmath.sty
Package: amsmath 2022/04/08 v2.17n AMS math features
\@mathmargin=\skip53

For additional information on amsmath, use the `?' option.
(c:/texlive/2022/texmf-dist/tex/latex/amsmath/amstext.sty
Package: amstext 2021/08/26 v2.01 AMS text
 (c:/texlive/2022/texmf-dist/tex/latex/amsmath/amsgen.sty
File: amsgen.sty 1999/11/30 v2.0 generic functions
\@emptytoks=\toks17
\ex@=\dimen146
)) (c:/texlive/2022/texmf-dist/tex/latex/amsmath/amsbsy.sty
Package: amsbsy 1999/11/29 v1.2d Bold Symbols
\pmbraise@=\dimen147
) (c:/texlive/2022/texmf-dist/tex/latex/amsmath/amsopn.sty
Package: amsopn 2022/04/08 v2.04 operator names
)
\inf@bad=\count193
LaTeX Info: Redefining \frac on input line 234.
\uproot@=\count194
\leftroot@=\count195
LaTeX Info: Redefining \overline on input line 399.
LaTeX Info: Redefining \colon on input line 410.
\classnum@=\count196
\DOTSCASE@=\count197
LaTeX Info: Redefining \ldots on input line 496.
LaTeX Info: Redefining \dots on input line 499.
LaTeX Info: Redefining \cdots on input line 620.
\Mathstrutbox@=\box52
\strutbox@=\box53
LaTeX Info: Redefining \big on input line 722.
LaTeX Info: Redefining \Big on input line 723.
LaTeX Info: Redefining \bigg on input line 724.
LaTeX Info: Redefining \Bigg on input line 725.
\big@size=\dimen148
LaTeX Font Info:    Redeclaring font encoding OML on input line 743.
LaTeX Font Info:    Redeclaring font encoding OMS on input line 744.
\macc@depth=\count198
LaTeX Info: Redefining \bmod on input line 905.
LaTeX Info: Redefining \pmod on input line 910.
LaTeX Info: Redefining \smash on input line 940.
LaTeX Info: Redefining \relbar on input line 970.
LaTeX Info: Redefining \Relbar on input line 971.
\c@MaxMatrixCols=\count199
\dotsspace@=\muskip16
\c@parentequation=\count266
\dspbrk@lvl=\count267
\tag@help=\toks18
\row@=\count268
\column@=\count269
\maxfields@=\count270
\andhelp@=\toks19
\eqnshift@=\dimen149
\alignsep@=\dimen150
\tagshift@=\dimen151
\tagwidth@=\dimen152
\totwidth@=\dimen153
\lineht@=\dimen154
\@envbody=\toks20
\multlinegap=\skip54
\multlinetaggap=\skip55
\mathdisplay@stack=\toks21
LaTeX Info: Redefining \[ on input line 2953.
LaTeX Info: Redefining \] on input line 2954.
) (c:/texlive/2022/texmf-dist/tex/latex/amsfonts/amssymb.sty
Package: amssymb 2013/01/14 v3.01 AMS font symbols
 (c:/texlive/2022/texmf-dist/tex/latex/amsfonts/amsfonts.sty
Package: amsfonts 2013/01/14 v3.01 Basic AMSFonts support
\symAMSa=\mathgroup4
\symAMSb=\mathgroup5
LaTeX Font Info:    Redeclaring math symbol \hbar on input line 98.
LaTeX Font Info:    Overwriting math alphabet `\mathfrak' in version `bold'
(Font)                  U/euf/m/n --> U/euf/b/n on input line 106.
)) (c:/texlive/2022/texmf-dist/tex/latex/amscls/amsthm.sty
Package: amsthm 2020/05/29 v2.20.6
\thm@style=\toks22
\thm@bodyfont=\toks23
\thm@headfont=\toks24
\thm@notefont=\toks25
\thm@headpunct=\toks26
\thm@preskip=\skip56
\thm@postskip=\skip57
\thm@headsep=\skip58
\dth@everypar=\toks27
) (c:/texlive/2022/texmf-dist/tex/latex/graphics/graphicx.sty
Package: graphicx 2021/09/16 v1.2d Enhanced LaTeX Graphics (DPC,SPQR)
 (c:/texlive/2022/texmf-dist/tex/latex/graphics/keyval.sty
Package: keyval 2022/05/29 v1.15 key=value parser (DPC)
\KV@toks@=\toks28
) (c:/texlive/2022/texmf-dist/tex/latex/graphics/graphics.sty
Package: graphics 2022/03/10 v1.4e Standard LaTeX Graphics (DPC,SPQR)
 (c:/texlive/2022/texmf-dist/tex/latex/graphics/trig.sty
Package: trig 2021/08/11 v1.11 sin cos tan (DPC)
) (c:/texlive/2022/texmf-dist/tex/latex/graphics-cfg/graphics.cfg
File: graphics.cfg 2016/06/04 v1.11 sample graphics configuration
)
Package graphics Info: Driver file: pdftex.def on input line 107.
 (c:/texlive/2022/texmf-dist/tex/latex/graphics-def/pdftex.def
File: pdftex.def 2022/09/22 v1.2b Graphics/color driver for pdftex
))
\Gin@req@height=\dimen155
\Gin@req@width=\dimen156
) (c:/texlive/2022/texmf-dist/tex/latex/tools/enumerate.sty
Package: enumerate 2015/07/23 v3.00 enumerate extensions (DPC)
\@enLab=\toks29
) (c:/texlive/2022/texmf-dist/tex/latex/algorithms/algorithm.sty
Package: algorithm 2009/08/24 v0.1 Document Style `algorithm' - floating environment
 (c:/texlive/2022/texmf-dist/tex/latex/float/float.sty
Package: float 2001/11/08 v1.3d Float enhancements (AL)
\c@float@type=\count271
\float@exts=\toks30
\float@box=\box54
\@float@everytoks=\toks31
\@floatcapt=\box55
) (c:/texlive/2022/texmf-dist/tex/latex/base/ifthen.sty
Package: ifthen 2022/04/13 v1.1d Standard LaTeX ifthen package (DPC)
)
\@float@every@algorithm=\toks32
\c@algorithm=\count272
) (c:/texlive/2022/texmf-dist/tex/latex/algorithms/algorithmic.sty
Package: algorithmic 2009/08/24 v0.1 Document Style `algorithmic'
\c@ALC@unique=\count273
\c@ALC@line=\count274
\c@ALC@rem=\count275
\c@ALC@depth=\count276
\ALC@tlm=\skip59
\algorithmicindent=\skip60
) (c:/texlive/2022/texmf-dist/tex/latex/xcolor/xcolor.sty
Package: xcolor 2022/06/12 v2.14 LaTeX color extensions (UK)
 (c:/texlive/2022/texmf-dist/tex/latex/graphics-cfg/color.cfg
File: color.cfg 2016/01/02 v1.6 sample color configuration
)
Package xcolor Info: Driver file: pdftex.def on input line 227.
 (c:/texlive/2022/texmf-dist/tex/latex/graphics/mathcolor.ltx)
Package xcolor Info: Model `cmy' substituted by `cmy0' on input line 1353.
Package xcolor Info: Model `hsb' substituted by `rgb' on input line 1357.
Package xcolor Info: Model `RGB' extended on input line 1369.
Package xcolor Info: Model `HTML' substituted by `rgb' on input line 1371.
Package xcolor Info: Model `Hsb' substituted by `hsb' on input line 1372.
Package xcolor Info: Model `tHsb' substituted by `hsb' on input line 1373.
Package xcolor Info: Model `HSB' substituted by `hsb' on input line 1374.
Package xcolor Info: Model `Gray' substituted by `gray' on input line 1375.
Package xcolor Info: Model `wave' substituted by `hsb' on input line 1376.
) (c:/texlive/2022/texmf-dist/tex/latex/bbm-macros/bbm.sty
Package: bbm 1999/03/15 V 1.2 provides fonts for set symbols - TH
LaTeX Font Info:    Overwriting math alphabet `\mathbbm' in version `bold'
(Font)                  U/bbm/m/n --> U/bbm/bx/n on input line 33.
LaTeX Font Info:    Overwriting math alphabet `\mathbbmss' in version `bold'
(Font)                  U/bbmss/m/n --> U/bbmss/bx/n on input line 35.
) (c:/texlive/2022/texmf-dist/tex/latex/url/url.sty
\Urlmuskip=\muskip17
Package: url 2013/09/16  ver 3.4  Verb mode for urls, etc.
) (c:/texlive/2022/texmf-dist/tex/latex/hyperref/hyperref.sty
Package: hyperref 2022-11-13 v7.00u Hypertext links for LaTeX
 (c:/texlive/2022/texmf-dist/tex/generic/ltxcmds/ltxcmds.sty
Package: ltxcmds 2020-05-10 v1.25 LaTeX kernel commands for general use (HO)
) (c:/texlive/2022/texmf-dist/tex/generic/iftex/iftex.sty
Package: iftex 2022/02/03 v1.0f TeX engine tests
) (c:/texlive/2022/texmf-dist/tex/generic/pdftexcmds/pdftexcmds.sty
Package: pdftexcmds 2020-06-27 v0.33 Utility functions of pdfTeX for LuaTeX (HO)
 (c:/texlive/2022/texmf-dist/tex/generic/infwarerr/infwarerr.sty
Package: infwarerr 2019/12/03 v1.5 Providing info/warning/error messages (HO)
)
Package pdftexcmds Info: \pdf@primitive is available.
Package pdftexcmds Info: \pdf@ifprimitive is available.
Package pdftexcmds Info: \pdfdraftmode found.
) (c:/texlive/2022/texmf-dist/tex/latex/kvsetkeys/kvsetkeys.sty
Package: kvsetkeys 2022-10-05 v1.19 Key value parser (HO)
) (c:/texlive/2022/texmf-dist/tex/generic/kvdefinekeys/kvdefinekeys.sty
Package: kvdefinekeys 2019-12-19 v1.6 Define keys (HO)
) (c:/texlive/2022/texmf-dist/tex/generic/pdfescape/pdfescape.sty
Package: pdfescape 2019/12/09 v1.15 Implements pdfTeX's escape features (HO)
) (c:/texlive/2022/texmf-dist/tex/latex/hycolor/hycolor.sty
Package: hycolor 2020-01-27 v1.10 Color options for hyperref/bookmark (HO)
) (c:/texlive/2022/texmf-dist/tex/latex/letltxmacro/letltxmacro.sty
Package: letltxmacro 2019/12/03 v1.6 Let assignment for LaTeX macros (HO)
) (c:/texlive/2022/texmf-dist/tex/latex/auxhook/auxhook.sty
Package: auxhook 2019-12-17 v1.6 Hooks for auxiliary files (HO)
) (c:/texlive/2022/texmf-dist/tex/latex/hyperref/nameref.sty
Package: nameref 2022-05-17 v2.50 Cross-referencing by name of section
 (c:/texlive/2022/texmf-dist/tex/latex/refcount/refcount.sty
Package: refcount 2019/12/15 v3.6 Data extraction from label references (HO)
) (c:/texlive/2022/texmf-dist/tex/generic/gettitlestring/gettitlestring.sty
Package: gettitlestring 2019/12/15 v1.6 Cleanup title references (HO)
 (c:/texlive/2022/texmf-dist/tex/latex/kvoptions/kvoptions.sty
Package: kvoptions 2022-06-15 v3.15 Key value format for package options (HO)
))
\c@section@level=\count277
)
\@linkdim=\dimen157
\Hy@linkcounter=\count278
\Hy@pagecounter=\count279
 (c:/texlive/2022/texmf-dist/tex/latex/hyperref/pd1enc.def
File: pd1enc.def 2022-11-13 v7.00u Hyperref: PDFDocEncoding definition (HO)
Now handling font encoding PD1 ...
... no UTF-8 mapping file for font encoding PD1
) (c:/texlive/2022/texmf-dist/tex/generic/intcalc/intcalc.sty
Package: intcalc 2019/12/15 v1.3 Expandable calculations with integers (HO)
) (c:/texlive/2022/texmf-dist/tex/generic/etexcmds/etexcmds.sty
Package: etexcmds 2019/12/15 v1.7 Avoid name clashes with e-TeX commands (HO)
)
\Hy@SavedSpaceFactor=\count280
 (c:/texlive/2022/texmf-dist/tex/latex/hyperref/puenc.def
File: puenc.def 2022-11-13 v7.00u Hyperref: PDF Unicode definition (HO)
Now handling font encoding PU ...
... no UTF-8 mapping file for font encoding PU
)
Package hyperref Info: Hyper figures OFF on input line 4162.
Package hyperref Info: Link nesting OFF on input line 4167.
Package hyperref Info: Hyper index ON on input line 4170.
Package hyperref Info: Plain pages OFF on input line 4177.
Package hyperref Info: Backreferencing OFF on input line 4182.
Package hyperref Info: Implicit mode ON; LaTeX internals redefined.
Package hyperref Info: Bookmarks ON on input line 4410.
\c@Hy@tempcnt=\count281
LaTeX Info: Redefining \url on input line 4748.
\XeTeXLinkMargin=\dimen158
 (c:/texlive/2022/texmf-dist/tex/generic/bitset/bitset.sty
Package: bitset 2019/12/09 v1.3 Handle bit-vector datatype (HO)
 (c:/texlive/2022/texmf-dist/tex/generic/bigintcalc/bigintcalc.sty
Package: bigintcalc 2019/12/15 v1.5 Expandable calculations on big integers (HO)
))
\Fld@menulength=\count282
\Field@Width=\dimen159
\Fld@charsize=\dimen160
Package hyperref Info: Hyper figures OFF on input line 6027.
Package hyperref Info: Link nesting OFF on input line 6032.
Package hyperref Info: Hyper index ON on input line 6035.
Package hyperref Info: backreferencing OFF on input line 6042.
Package hyperref Info: Link coloring OFF on input line 6047.
Package hyperref Info: Link coloring with OCG OFF on input line 6052.
Package hyperref Info: PDF/A mode OFF on input line 6057.
 (c:/texlive/2022/texmf-dist/tex/latex/base/atbegshi-ltx.sty
Package: atbegshi-ltx 2021/01/10 v1.0c Emulation of the original atbegshi
package with kernel methods
)
\Hy@abspage=\count283
\c@Item=\count284
\c@Hfootnote=\count285
)
Package hyperref Info: Driver (autodetected): hpdftex.
 (c:/texlive/2022/texmf-dist/tex/latex/hyperref/hpdftex.def
File: hpdftex.def 2022-11-13 v7.00u Hyperref driver for pdfTeX
 (c:/texlive/2022/texmf-dist/tex/latex/base/atveryend-ltx.sty
Package: atveryend-ltx 2020/08/19 v1.0a Emulation of the original atveryend package
with kernel methods
)
\Fld@listcount=\count286
\c@bookmark@seq@number=\count287
 (c:/texlive/2022/texmf-dist/tex/latex/rerunfilecheck/rerunfilecheck.sty
Package: rerunfilecheck 2022-07-10 v1.10 Rerun checks for auxiliary files (HO)
 (c:/texlive/2022/texmf-dist/tex/generic/uniquecounter/uniquecounter.sty
Package: uniquecounter 2019/12/15 v1.4 Provide unlimited unique counter (HO)
)
Package uniquecounter Info: New unique counter `rerunfilecheck' on input line 285.
)
\Hy@SectionHShift=\skip61
) (c:/texlive/2022/texmf-dist/tex/generic/dirtree/dirtree.sty
Package: dirtree 2012/12/11 v0.32 package wrapper for dirtree
 (c:/texlive/2022/texmf-dist/tex/generic/dirtree/dirtree.tex `dirtree' v0.32, 2012/12/11 (jcc)
\DT@offset=\dimen161
\DT@width=\dimen162
\DT@sep=\dimen163
\DT@all=\dimen164
\DT@rulewidth=\dimen165
\DT@dotwidth=\dimen166
\DTbaselineskip=\dimen167
\DT@counti=\count288
\DT@countii=\count289
\DT@countiii=\count290
\DT@countiv=\count291
\DT@indent=\dimen168
\DT@parskip=\dimen169
\DT@baselineskip=\dimen170
)
File: dirtree.tex 2012/12/11 v0.32 `dirtree' (jcc)
) (c:/texlive/2022/texmf-dist/tex/latex/pdfpages/pdfpages.sty
Package: pdfpages 2022/12/19 v0.5x Insert pages of external PDF documents (AM)
 (c:/texlive/2022/texmf-dist/tex/latex/tools/calc.sty
Package: calc 2017/05/25 v4.3 Infix arithmetic (KKT,FJ)
\calc@Acount=\count292
\calc@Bcount=\count293
\calc@Adimen=\dimen171
\calc@Bdimen=\dimen172
\calc@Askip=\skip62
\calc@Bskip=\skip63
LaTeX Info: Redefining \setlength on input line 80.
LaTeX Info: Redefining \addtolength on input line 81.
\calc@Ccount=\count294
\calc@Cskip=\skip64
) (c:/texlive/2022/texmf-dist/tex/latex/eso-pic/eso-pic.sty
Package: eso-pic 2020/10/14 v3.0a eso-pic (RN)
\ESO@tempdima=\dimen173
\ESO@tempdimb=\dimen174
)
\AM@pagewidth=\dimen175
\AM@pageheight=\dimen176
\AM@fboxrule=\dimen177
 (c:/texlive/2022/texmf-dist/tex/latex/pdfpages/pppdftex.def
File: pppdftex.def 2022/12/19 v0.5x Pdfpages driver for pdfTeX (AM)
)
\pdfpages@includegraphics@status=\count295
\AM@pagebox=\box56
\AM@global@opts=\toks33
\AM@pagecnt=\count296
\AM@toc@title=\toks34
\AM@lof@heading=\toks35
\c@AM@survey=\count297
\AM@templatesizebox=\box57
)
\c@thm=\count298
\c@prop=\count299
\c@lemma=\count300
\c@cor=\count301
\c@defn=\count302
\c@assump=\count303
\c@example=\count304
\c@conjecture=\count305
 (c:/texlive/2022/texmf-dist/tex/latex/l3backend/l3backend-pdftex.def
File: l3backend-pdftex.def 2022-10-26 L3 backend support: PDF output (pdfTeX)
\l__color_backend_stack_int=\count306
\l__pdf_internal_box=\box58
) (./hw01.aux)
\openout1 = `hw01.aux'.

LaTeX Font Info:    Checking defaults for OML/cmm/m/it on input line 100.
LaTeX Font Info:    ... okay on input line 100.
LaTeX Font Info:    Checking defaults for OMS/cmsy/m/n on input line 100.
LaTeX Font Info:    ... okay on input line 100.
LaTeX Font Info:    Checking defaults for OT1/cmr/m/n on input line 100.
LaTeX Font Info:    ... okay on input line 100.
LaTeX Font Info:    Checking defaults for T1/cmr/m/n on input line 100.
LaTeX Font Info:    ... okay on input line 100.
LaTeX Font Info:    Checking defaults for TS1/cmr/m/n on input line 100.
LaTeX Font Info:    ... okay on input line 100.
LaTeX Font Info:    Checking defaults for OMX/cmex/m/n on input line 100.
LaTeX Font Info:    ... okay on input line 100.
LaTeX Font Info:    Checking defaults for U/cmr/m/n on input line 100.
LaTeX Font Info:    ... okay on input line 100.
LaTeX Font Info:    Checking defaults for PD1/pdf/m/n on input line 100.
LaTeX Font Info:    ... okay on input line 100.
LaTeX Font Info:    Checking defaults for PU/pdf/m/n on input line 100.
LaTeX Font Info:    ... okay on input line 100.
 (c:/texlive/2022/texmf-dist/tex/context/base/mkii/supp-pdf.mkii
[Loading MPS to PDF converter (version 2006.09.02).]
\scratchcounter=\count307
\scratchdimen=\dimen178
\scratchbox=\box59
\nofMPsegments=\count308
\nofMParguments=\count309
\everyMPshowfont=\toks36
\MPscratchCnt=\count310
\MPscratchDim=\dimen179
\MPnumerator=\count311
\makeMPintoPDFobject=\count312
\everyMPtoPDFconversion=\toks37
) (c:/texlive/2022/texmf-dist/tex/latex/epstopdf-pkg/epstopdf-base.sty
Package: epstopdf-base 2020-01-24 v2.11 Base part for package epstopdf
Package epstopdf-base Info: Redefining graphics rule for `.eps' on input line 485.
 (c:/texlive/2022/texmf-dist/tex/latex/latexconfig/epstopdf-sys.cfg
File: epstopdf-sys.cfg 2010/07/13 v1.3 Configuration of (r)epstopdf for TeX Live
))
Package hyperref Info: Link coloring OFF on input line 100.
 (./hw01.out) (./hw01.out)
\@outlinefile=\write3
\openout3 = `hw01.out'.

 (c:/texlive/2022/texmf-dist/tex/latex/pdflscape/pdflscape.sty
Package: pdflscape 2022-10-27 v0.13 Display of landscape pages in PDF
 (c:/texlive/2022/texmf-dist/tex/latex/pdflscape/pdflscape-nometadata.sty
Package: pdflscape-nometadata 2022-10-28 v0.13 Display of landscape pages in PDF (HO)
 (c:/texlive/2022/texmf-dist/tex/latex/graphics/lscape.sty
Package: lscape 2020/05/28 v3.02 Landscape Pages (DPC)
)
Package pdflscape Info: Auto-detected driver: pdftex on input line 81.
)) [1

{c:/texlive/2022/texmf-var/fonts/map/pdftex/updmap/pdftex.map}]
LaTeX Font Info:    Trying to load font information for U+msa on input line 132.
 (c:/texlive/2022/texmf-dist/tex/latex/amsfonts/umsa.fd
File: umsa.fd 2013/01/14 v3.01 AMS symbols A
)
LaTeX Font Info:    Trying to load font information for U+msb on input line 132.
 (c:/texlive/2022/texmf-dist/tex/latex/amsfonts/umsb.fd
File: umsb.fd 2013/01/14 v3.01 AMS symbols B
)
Underfull \hbox (badness 10000) in paragraph at lines 151--152

 []


Underfull \hbox (badness 10000) in paragraph at lines 153--154

 []

<LinearTester.pdf, id=40, 614.295pt x 794.97pt>
File: LinearTester.pdf Graphic file (type pdf)
<use LinearTester.pdf>
Package pdftex.def Info: LinearTester.pdf  used on input line 155.
(pdftex.def)             Requested size: 614.29349pt x 794.96806pt.
File: LinearTester.pdf Graphic file (type pdf)
<use LinearTester.pdf>
Package pdftex.def Info: LinearTester.pdf  used on input line 155.
(pdftex.def)             Requested size: 614.29349pt x 794.96806pt.
<LinearTester.pdf, id=43, page=1, 614.295pt x 794.97pt>
File: LinearTester.pdf Graphic file (type pdf)
<use LinearTester.pdf, page 1>
Package pdftex.def Info: LinearTester.pdf , page1 used on input line 155.
(pdftex.def)             Requested size: 614.29349pt x 794.96806pt.
File: LinearTester.pdf Graphic file (type pdf)
<use LinearTester.pdf, page 1>
Package pdftex.def Info: LinearTester.pdf , page1 used on input line 155.
(pdftex.def)             Requested size: 614.58406pt x 795.3441pt.

Overfull \vbox (6.94444pt too high) has occurred while \output is active []

 [2

]
File: LinearTester.pdf Graphic file (type pdf)
<use LinearTester.pdf, page 1>
Package pdftex.def Info: LinearTester.pdf , page1 used on input line 155.
(pdftex.def)             Requested size: 614.58406pt x 795.3441pt.
File: LinearTester.pdf Graphic file (type pdf)
<use LinearTester.pdf, page 1>
Package pdftex.def Info: LinearTester.pdf , page1 used on input line 155.
(pdftex.def)             Requested size: 614.58406pt x 795.3441pt.
File: LinearTester.pdf Graphic file (type pdf)
<use LinearTester.pdf, page 1>
Package pdftex.def Info: LinearTester.pdf , page1 used on input line 155.
(pdftex.def)             Requested size: 614.58406pt x 795.3441pt.
 [3 <./LinearTester.pdf>]
<LinearTester.pdf, id=99, page=2, 614.295pt x 794.97pt>
File: LinearTester.pdf Graphic file (type pdf)
<use LinearTester.pdf, page 2>
Package pdftex.def Info: LinearTester.pdf , page2 used on input line 155.
(pdftex.def)             Requested size: 614.58406pt x 795.3441pt.
File: LinearTester.pdf Graphic file (type pdf)
<use LinearTester.pdf, page 2>
Package pdftex.def Info: LinearTester.pdf , page2 used on input line 155.
(pdftex.def)             Requested size: 614.58406pt x 795.3441pt.
File: LinearTester.pdf Graphic file (type pdf)
<use LinearTester.pdf, page 2>
Package pdftex.def Info: LinearTester.pdf , page2 used on input line 155.
(pdftex.def)             Requested size: 614.58406pt x 795.3441pt.
 [4 <./LinearTester.pdf>]
<LinearTester.pdf, id=105, page=3, 614.295pt x 794.97pt>
File: LinearTester.pdf Graphic file (type pdf)
<use LinearTester.pdf, page 3>
Package pdftex.def Info: LinearTester.pdf , page3 used on input line 155.
(pdftex.def)             Requested size: 614.58406pt x 795.3441pt.
File: LinearTester.pdf Graphic file (type pdf)
<use LinearTester.pdf, page 3>
Package pdftex.def Info: LinearTester.pdf , page3 used on input line 155.
(pdftex.def)             Requested size: 614.58406pt x 795.3441pt.
File: LinearTester.pdf Graphic file (type pdf)
<use LinearTester.pdf, page 3>
Package pdftex.def Info: LinearTester.pdf , page3 used on input line 155.
(pdftex.def)             Requested size: 614.58406pt x 795.3441pt.
 [5 <./LinearTester.pdf>]
<LinearTester.pdf, id=111, page=4, 614.295pt x 794.97pt>
File: LinearTester.pdf Graphic file (type pdf)
<use LinearTester.pdf, page 4>
Package pdftex.def Info: LinearTester.pdf , page4 used on input line 155.
(pdftex.def)             Requested size: 614.58406pt x 795.3441pt.
File: LinearTester.pdf Graphic file (type pdf)
<use LinearTester.pdf, page 4>
Package pdftex.def Info: LinearTester.pdf , page4 used on input line 155.
(pdftex.def)             Requested size: 614.58406pt x 795.3441pt.
File: LinearTester.pdf Graphic file (type pdf)
<use LinearTester.pdf, page 4>
Package pdftex.def Info: LinearTester.pdf , page4 used on input line 155.
(pdftex.def)             Requested size: 614.58406pt x 795.3441pt.
 [6 <./LinearTester.pdf>]
Underfull \hbox (badness 10000) in paragraph at lines 168--169

 []


Underfull \hbox (badness 10000) in paragraph at lines 170--171

 []

<LossTester.pdf, id=117, 614.295pt x 794.97pt>
File: LossTester.pdf Graphic file (type pdf)
<use LossTester.pdf>
Package pdftex.def Info: LossTester.pdf  used on input line 172.
(pdftex.def)             Requested size: 614.29349pt x 794.96806pt.
File: LossTester.pdf Graphic file (type pdf)
<use LossTester.pdf>
Package pdftex.def Info: LossTester.pdf  used on input line 172.
(pdftex.def)             Requested size: 614.29349pt x 794.96806pt.
<LossTester.pdf, id=120, page=1, 614.295pt x 794.97pt>
File: LossTester.pdf Graphic file (type pdf)
<use LossTester.pdf, page 1>
Package pdftex.def Info: LossTester.pdf , page1 used on input line 172.
(pdftex.def)             Requested size: 614.29349pt x 794.96806pt.
File: LossTester.pdf Graphic file (type pdf)
<use LossTester.pdf, page 1>
Package pdftex.def Info: LossTester.pdf , page1 used on input line 172.
(pdftex.def)             Requested size: 614.58406pt x 795.3441pt.

Overfull \vbox (6.94444pt too high) has occurred while \output is active []

 [7

]
File: LossTester.pdf Graphic file (type pdf)
<use LossTester.pdf, page 1>
Package pdftex.def Info: LossTester.pdf , page1 used on input line 172.
(pdftex.def)             Requested size: 614.58406pt x 795.3441pt.
File: LossTester.pdf Graphic file (type pdf)
<use LossTester.pdf, page 1>
Package pdftex.def Info: LossTester.pdf , page1 used on input line 172.
(pdftex.def)             Requested size: 614.58406pt x 795.3441pt.
File: LossTester.pdf Graphic file (type pdf)
<use LossTester.pdf, page 1>
Package pdftex.def Info: LossTester.pdf , page1 used on input line 172.
(pdftex.def)             Requested size: 614.58406pt x 795.3441pt.
 [8 <./LossTester.pdf>]
<LossTester.pdf, id=168, page=2, 614.295pt x 794.97pt>
File: LossTester.pdf Graphic file (type pdf)
<use LossTester.pdf, page 2>
Package pdftex.def Info: LossTester.pdf , page2 used on input line 172.
(pdftex.def)             Requested size: 614.58406pt x 795.3441pt.
File: LossTester.pdf Graphic file (type pdf)
<use LossTester.pdf, page 2>
Package pdftex.def Info: LossTester.pdf , page2 used on input line 172.
(pdftex.def)             Requested size: 614.58406pt x 795.3441pt.
File: LossTester.pdf Graphic file (type pdf)
<use LossTester.pdf, page 2>
Package pdftex.def Info: LossTester.pdf , page2 used on input line 172.
(pdftex.def)             Requested size: 614.58406pt x 795.3441pt.
 [9 <./LossTester.pdf>]
<LossTester.pdf, id=174, page=3, 614.295pt x 794.97pt>
File: LossTester.pdf Graphic file (type pdf)
<use LossTester.pdf, page 3>
Package pdftex.def Info: LossTester.pdf , page3 used on input line 172.
(pdftex.def)             Requested size: 614.58406pt x 795.3441pt.
File: LossTester.pdf Graphic file (type pdf)
<use LossTester.pdf, page 3>
Package pdftex.def Info: LossTester.pdf , page3 used on input line 172.
(pdftex.def)             Requested size: 614.58406pt x 795.3441pt.
File: LossTester.pdf Graphic file (type pdf)
<use LossTester.pdf, page 3>
Package pdftex.def Info: LossTester.pdf , page3 used on input line 172.
(pdftex.def)             Requested size: 614.58406pt x 795.3441pt.
 [10 <./LossTester.pdf>]
<LossTester.pdf, id=181, page=4, 614.295pt x 794.97pt>
File: LossTester.pdf Graphic file (type pdf)
<use LossTester.pdf, page 4>
Package pdftex.def Info: LossTester.pdf , page4 used on input line 172.
(pdftex.def)             Requested size: 614.58406pt x 795.3441pt.
File: LossTester.pdf Graphic file (type pdf)
<use LossTester.pdf, page 4>
Package pdftex.def Info: LossTester.pdf , page4 used on input line 172.
(pdftex.def)             Requested size: 614.58406pt x 795.3441pt.
File: LossTester.pdf Graphic file (type pdf)
<use LossTester.pdf, page 4>
Package pdftex.def Info: LossTester.pdf , page4 used on input line 172.
(pdftex.def)             Requested size: 614.58406pt x 795.3441pt.
 [11 <./LossTester.pdf>]
<LossTester.pdf, id=188, page=5, 614.295pt x 794.97pt>
File: LossTester.pdf Graphic file (type pdf)
<use LossTester.pdf, page 5>
Package pdftex.def Info: LossTester.pdf , page5 used on input line 172.
(pdftex.def)             Requested size: 614.58406pt x 795.3441pt.
File: LossTester.pdf Graphic file (type pdf)
<use LossTester.pdf, page 5>
Package pdftex.def Info: LossTester.pdf , page5 used on input line 172.
(pdftex.def)             Requested size: 614.58406pt x 795.3441pt.
File: LossTester.pdf Graphic file (type pdf)
<use LossTester.pdf, page 5>
Package pdftex.def Info: LossTester.pdf , page5 used on input line 172.
(pdftex.def)             Requested size: 614.58406pt x 795.3441pt.
 [12 <./LossTester.pdf>]
Underfull \hbox (badness 10000) in paragraph at lines 179--180

 []


Underfull \hbox (badness 10000) in paragraph at lines 181--182

 []

<SGDTester.pdf, id=194, 614.295pt x 794.97pt>
File: SGDTester.pdf Graphic file (type pdf)
<use SGDTester.pdf>
Package pdftex.def Info: SGDTester.pdf  used on input line 183.
(pdftex.def)             Requested size: 614.29349pt x 794.96806pt.
File: SGDTester.pdf Graphic file (type pdf)
<use SGDTester.pdf>
Package pdftex.def Info: SGDTester.pdf  used on input line 183.
(pdftex.def)             Requested size: 614.29349pt x 794.96806pt.
<SGDTester.pdf, id=197, page=1, 614.295pt x 794.97pt>
File: SGDTester.pdf Graphic file (type pdf)
<use SGDTester.pdf, page 1>
Package pdftex.def Info: SGDTester.pdf , page1 used on input line 183.
(pdftex.def)             Requested size: 614.29349pt x 794.96806pt.
File: SGDTester.pdf Graphic file (type pdf)
<use SGDTester.pdf, page 1>
Package pdftex.def Info: SGDTester.pdf , page1 used on input line 183.
(pdftex.def)             Requested size: 614.58406pt x 795.3441pt.

Overfull \vbox (6.94444pt too high) has occurred while \output is active []

 [13

]
File: SGDTester.pdf Graphic file (type pdf)
<use SGDTester.pdf, page 1>
Package pdftex.def Info: SGDTester.pdf , page1 used on input line 183.
(pdftex.def)             Requested size: 614.58406pt x 795.3441pt.
File: SGDTester.pdf Graphic file (type pdf)
<use SGDTester.pdf, page 1>
Package pdftex.def Info: SGDTester.pdf , page1 used on input line 183.
(pdftex.def)             Requested size: 614.58406pt x 795.3441pt.
File: SGDTester.pdf Graphic file (type pdf)
<use SGDTester.pdf, page 1>
Package pdftex.def Info: SGDTester.pdf , page1 used on input line 183.
(pdftex.def)             Requested size: 614.58406pt x 795.3441pt.
 [14 <./SGDTester.pdf>]
<SGDTester.pdf, id=242, page=2, 614.295pt x 794.97pt>
File: SGDTester.pdf Graphic file (type pdf)
<use SGDTester.pdf, page 2>
Package pdftex.def Info: SGDTester.pdf , page2 used on input line 183.
(pdftex.def)             Requested size: 614.58406pt x 795.3441pt.
File: SGDTester.pdf Graphic file (type pdf)
<use SGDTester.pdf, page 2>
Package pdftex.def Info: SGDTester.pdf , page2 used on input line 183.
(pdftex.def)             Requested size: 614.58406pt x 795.3441pt.
File: SGDTester.pdf Graphic file (type pdf)
<use SGDTester.pdf, page 2>
Package pdftex.def Info: SGDTester.pdf , page2 used on input line 183.
(pdftex.def)             Requested size: 614.58406pt x 795.3441pt.
 [15 <./SGDTester.pdf>]
Underfull \hbox (badness 10000) in paragraph at lines 197--198

 []


Underfull \hbox (badness 10000) in paragraph at lines 199--200

 []

<ActivationTester.pdf, id=247, 614.295pt x 794.97pt>
File: ActivationTester.pdf Graphic file (type pdf)
<use ActivationTester.pdf>
Package pdftex.def Info: ActivationTester.pdf  used on input line 201.
(pdftex.def)             Requested size: 614.29349pt x 794.96806pt.
File: ActivationTester.pdf Graphic file (type pdf)
<use ActivationTester.pdf>
Package pdftex.def Info: ActivationTester.pdf  used on input line 201.
(pdftex.def)             Requested size: 614.29349pt x 794.96806pt.
<ActivationTester.pdf, id=250, page=1, 614.295pt x 794.97pt>
File: ActivationTester.pdf Graphic file (type pdf)
<use ActivationTester.pdf, page 1>
Package pdftex.def Info: ActivationTester.pdf , page1 used on input line 201.
(pdftex.def)             Requested size: 614.29349pt x 794.96806pt.
File: ActivationTester.pdf Graphic file (type pdf)
<use ActivationTester.pdf, page 1>
Package pdftex.def Info: ActivationTester.pdf , page1 used on input line 201.
(pdftex.def)             Requested size: 614.58406pt x 795.3441pt.

Overfull \vbox (6.94444pt too high) has occurred while \output is active []

 [16

]
File: ActivationTester.pdf Graphic file (type pdf)
<use ActivationTester.pdf, page 1>
Package pdftex.def Info: ActivationTester.pdf , page1 used on input line 201.
(pdftex.def)             Requested size: 614.58406pt x 795.3441pt.
File: ActivationTester.pdf Graphic file (type pdf)
<use ActivationTester.pdf, page 1>
Package pdftex.def Info: ActivationTester.pdf , page1 used on input line 201.
(pdftex.def)             Requested size: 614.58406pt x 795.3441pt.
File: ActivationTester.pdf Graphic file (type pdf)
<use ActivationTester.pdf, page 1>
Package pdftex.def Info: ActivationTester.pdf , page1 used on input line 201.
(pdftex.def)             Requested size: 614.58406pt x 795.3441pt.
 [17 <./ActivationTester.pdf>]
<ActivationTester.pdf, id=288, page=2, 614.295pt x 794.97pt>
File: ActivationTester.pdf Graphic file (type pdf)
<use ActivationTester.pdf, page 2>
Package pdftex.def Info: ActivationTester.pdf , page2 used on input line 201.
(pdftex.def)             Requested size: 614.58406pt x 795.3441pt.
File: ActivationTester.pdf Graphic file (type pdf)
<use ActivationTester.pdf, page 2>
Package pdftex.def Info: ActivationTester.pdf , page2 used on input line 201.
(pdftex.def)             Requested size: 614.58406pt x 795.3441pt.
File: ActivationTester.pdf Graphic file (type pdf)
<use ActivationTester.pdf, page 2>
Package pdftex.def Info: ActivationTester.pdf , page2 used on input line 201.
(pdftex.def)             Requested size: 614.58406pt x 795.3441pt.
 [18 <./ActivationTester.pdf>]
<ActivationTester.pdf, id=295, page=3, 614.295pt x 794.97pt>
File: ActivationTester.pdf Graphic file (type pdf)
<use ActivationTester.pdf, page 3>
Package pdftex.def Info: ActivationTester.pdf , page3 used on input line 201.
(pdftex.def)             Requested size: 614.58406pt x 795.3441pt.
File: ActivationTester.pdf Graphic file (type pdf)
<use ActivationTester.pdf, page 3>
Package pdftex.def Info: ActivationTester.pdf , page3 used on input line 201.
(pdftex.def)             Requested size: 614.58406pt x 795.3441pt.
File: ActivationTester.pdf Graphic file (type pdf)
<use ActivationTester.pdf, page 3>
Package pdftex.def Info: ActivationTester.pdf , page3 used on input line 201.
(pdftex.def)             Requested size: 614.58406pt x 795.3441pt.
 [19 <./ActivationTester.pdf>]
Underfull \hbox (badness 10000) in paragraph at lines 232--233

 []


Underfull \hbox (badness 10000) in paragraph at lines 234--235

 []

<MLPTester.pdf, id=303, 614.295pt x 794.97pt>
File: MLPTester.pdf Graphic file (type pdf)
<use MLPTester.pdf>
Package pdftex.def Info: MLPTester.pdf  used on input line 236.
(pdftex.def)             Requested size: 614.29349pt x 794.96806pt.
File: MLPTester.pdf Graphic file (type pdf)
<use MLPTester.pdf>
Package pdftex.def Info: MLPTester.pdf  used on input line 236.
(pdftex.def)             Requested size: 614.29349pt x 794.96806pt.
<MLPTester.pdf, id=306, page=1, 614.295pt x 794.97pt>
File: MLPTester.pdf Graphic file (type pdf)
<use MLPTester.pdf, page 1>
Package pdftex.def Info: MLPTester.pdf , page1 used on input line 236.
(pdftex.def)             Requested size: 614.29349pt x 794.96806pt.
File: MLPTester.pdf Graphic file (type pdf)
<use MLPTester.pdf, page 1>
Package pdftex.def Info: MLPTester.pdf , page1 used on input line 236.
(pdftex.def)             Requested size: 614.58406pt x 795.3441pt.

Overfull \vbox (6.94444pt too high) has occurred while \output is active []

 [20

]
File: MLPTester.pdf Graphic file (type pdf)
<use MLPTester.pdf, page 1>
Package pdftex.def Info: MLPTester.pdf , page1 used on input line 236.
(pdftex.def)             Requested size: 614.58406pt x 795.3441pt.
File: MLPTester.pdf Graphic file (type pdf)
<use MLPTester.pdf, page 1>
Package pdftex.def Info: MLPTester.pdf , page1 used on input line 236.
(pdftex.def)             Requested size: 614.58406pt x 795.3441pt.
File: MLPTester.pdf Graphic file (type pdf)
<use MLPTester.pdf, page 1>
Package pdftex.def Info: MLPTester.pdf , page1 used on input line 236.
(pdftex.def)             Requested size: 614.58406pt x 795.3441pt.
 [21 <./MLPTester.pdf>]
<MLPTester.pdf, id=352, page=2, 614.295pt x 794.97pt>
File: MLPTester.pdf Graphic file (type pdf)
<use MLPTester.pdf, page 2>
Package pdftex.def Info: MLPTester.pdf , page2 used on input line 236.
(pdftex.def)             Requested size: 614.58406pt x 795.3441pt.
File: MLPTester.pdf Graphic file (type pdf)
<use MLPTester.pdf, page 2>
Package pdftex.def Info: MLPTester.pdf , page2 used on input line 236.
(pdftex.def)             Requested size: 614.58406pt x 795.3441pt.
File: MLPTester.pdf Graphic file (type pdf)
<use MLPTester.pdf, page 2>
Package pdftex.def Info: MLPTester.pdf , page2 used on input line 236.
(pdftex.def)             Requested size: 614.58406pt x 795.3441pt.
 [22 <./MLPTester.pdf>]
<MLPTester.pdf, id=358, page=3, 614.295pt x 794.97pt>
File: MLPTester.pdf Graphic file (type pdf)
<use MLPTester.pdf, page 3>
Package pdftex.def Info: MLPTester.pdf , page3 used on input line 236.
(pdftex.def)             Requested size: 614.58406pt x 795.3441pt.
File: MLPTester.pdf Graphic file (type pdf)
<use MLPTester.pdf, page 3>
Package pdftex.def Info: MLPTester.pdf , page3 used on input line 236.
(pdftex.def)             Requested size: 614.58406pt x 795.3441pt.
File: MLPTester.pdf Graphic file (type pdf)
<use MLPTester.pdf, page 3>
Package pdftex.def Info: MLPTester.pdf , page3 used on input line 236.
(pdftex.def)             Requested size: 614.58406pt x 795.3441pt.
 [23 <./MLPTester.pdf>]
<MLPTester.pdf, id=365, page=4, 614.295pt x 794.97pt>
File: MLPTester.pdf Graphic file (type pdf)
<use MLPTester.pdf, page 4>
Package pdftex.def Info: MLPTester.pdf , page4 used on input line 236.
(pdftex.def)             Requested size: 614.58406pt x 795.3441pt.
File: MLPTester.pdf Graphic file (type pdf)
<use MLPTester.pdf, page 4>
Package pdftex.def Info: MLPTester.pdf , page4 used on input line 236.
(pdftex.def)             Requested size: 614.58406pt x 795.3441pt.
File: MLPTester.pdf Graphic file (type pdf)
<use MLPTester.pdf, page 4>
Package pdftex.def Info: MLPTester.pdf , page4 used on input line 236.
(pdftex.def)             Requested size: 614.58406pt x 795.3441pt.
 [24 <./MLPTester.pdf>]
<MLPTester.pdf, id=371, page=5, 614.295pt x 794.97pt>
File: MLPTester.pdf Graphic file (type pdf)
<use MLPTester.pdf, page 5>
Package pdftex.def Info: MLPTester.pdf , page5 used on input line 236.
(pdftex.def)             Requested size: 614.58406pt x 795.3441pt.
File: MLPTester.pdf Graphic file (type pdf)
<use MLPTester.pdf, page 5>
Package pdftex.def Info: MLPTester.pdf , page5 used on input line 236.
(pdftex.def)             Requested size: 614.58406pt x 795.3441pt.
File: MLPTester.pdf Graphic file (type pdf)
<use MLPTester.pdf, page 5>
Package pdftex.def Info: MLPTester.pdf , page5 used on input line 236.
(pdftex.def)             Requested size: 614.58406pt x 795.3441pt.
 [25 <./MLPTester.pdf>]
<MLPTester.pdf, id=378, page=6, 614.295pt x 794.97pt>
File: MLPTester.pdf Graphic file (type pdf)
<use MLPTester.pdf, page 6>
Package pdftex.def Info: MLPTester.pdf , page6 used on input line 236.
(pdftex.def)             Requested size: 614.58406pt x 795.3441pt.
File: MLPTester.pdf Graphic file (type pdf)
<use MLPTester.pdf, page 6>
Package pdftex.def Info: MLPTester.pdf , page6 used on input line 236.
(pdftex.def)             Requested size: 614.58406pt x 795.3441pt.
File: MLPTester.pdf Graphic file (type pdf)
<use MLPTester.pdf, page 6>
Package pdftex.def Info: MLPTester.pdf , page6 used on input line 236.
(pdftex.def)             Requested size: 614.58406pt x 795.3441pt.
 [26 <./MLPTester.pdf>]
Underfull \hbox (badness 10000) in paragraph at lines 246--247

 []

<LinearCode.png, id=384, 609.02531pt x 764.8575pt>
File: LinearCode.png Graphic file (type png)
<use LinearCode.png>
Package pdftex.def Info: LinearCode.png  used on input line 249.
(pdftex.def)             Requested size: 469.75502pt x 589.96912pt.
<LossCode.png, id=386, 574.39594pt x 823.57687pt>
File: LossCode.png Graphic file (type png)
<use LossCode.png>
Package pdftex.def Info: LossCode.png  used on input line 251.
(pdftex.def)             Requested size: 469.75502pt x 673.55293pt.
<SGDCode.png, id=387, 525.46312pt x 560.0925pt>
File: SGDCode.png Graphic file (type png)
<use SGDCode.png>
Package pdftex.def Info: SGDCode.png  used on input line 253.
(pdftex.def)             Requested size: 469.75502pt x 500.72844pt.
<ActivationCode1.png, id=388, 454.69875pt x 713.66624pt>
File: ActivationCode1.png Graphic file (type png)
<use ActivationCode1.png>
Package pdftex.def Info: ActivationCode1.png  used on input line 255.
(pdftex.def)             Requested size: 234.8775pt x 368.6475pt.
<ActivationCode2.png, id=389, 523.9575pt x 875.52094pt>
File: ActivationCode2.png Graphic file (type png)
<use ActivationCode2.png>
Package pdftex.def Info: ActivationCode2.png  used on input line 256.
(pdftex.def)             Requested size: 234.8775pt x 392.47118pt.

Overfull \hbox (2.2222pt too wide) in paragraph at lines 248--257
[] [] 
 []


Underfull \hbox (badness 10000) in paragraph at lines 248--257

 []


Overfull \vbox (6.94444pt too high) has occurred while \output is active []

 [27

]
Overfull \vbox (6.94444pt too high) has occurred while \output is active []

 [28 <./LinearCode.png>]
Overfull \vbox (53.12292pt too high) has occurred while \output is active []


Overfull \vbox (6.94444pt too high) has occurred while \output is active []

 [29 <./LossCode.png>]
Overfull \vbox (6.94444pt too high) has occurred while \output is active []

 [30 <./SGDCode.png>]
<MLP0.png, id=409, 715.17188pt x 637.63219pt>
File: MLP0.png Graphic file (type png)
<use MLP0.png>
Package pdftex.def Info: MLP0.png  used on input line 259.
(pdftex.def)             Requested size: 469.75502pt x 418.82454pt.
<MLP1.png, id=410, 616.55344pt x 711.4078pt>
File: MLP1.png Graphic file (type png)
<use MLP1.png>
Package pdftex.def Info: MLP1.png  used on input line 260.
(pdftex.def)             Requested size: 469.75502pt x 542.03246pt.
<MLP2.png, id=411, 1081.03876pt x 719.68875pt>
File: MLP2.png Graphic file (type png)
<use MLP2.png>
Package pdftex.def Info: MLP2.png  used on input line 261.
(pdftex.def)             Requested size: 469.75502pt x 312.73264pt.

Overfull \vbox (6.94444pt too high) has occurred while \output is active []

 [31 <./ActivationCode1.png> <./ActivationCode2.png>]
Overfull \vbox (6.94444pt too high) has occurred while \output is active []

 [32 <./MLP0.png>]
Overfull \vbox (6.94444pt too high) has occurred while \output is active []

 [33 <./MLP1.png>]
Overfull \vbox (6.94444pt too high) has occurred while \output is active []

 [34 <./MLP2.png>] (./hw01.aux)
Package rerunfilecheck Info: File `hw01.out' has not changed.
(rerunfilecheck)             Checksum: 971464F97D9C854A2058467A11323739;1036.
 ) 
Here is how much of TeX's memory you used:
 11803 strings out of 476093
 183574 string characters out of 5795584
 1860787 words of memory out of 5000000
 31933 multiletter control sequences out of 15000+600000
 515794 words of font info for 46 fonts, out of 8000000 for 9000
 1141 hyphenation exceptions out of 8191
 72i,17n,77p,571b,563s stack positions out of 10000i,1000n,20000p,200000b,200000s
{c:/texlive/2022/texmf-dist/fonts/enc/dvips/cm-super/cm-super-ts1.enc}<c:/texlive/2022/texmf-dist/fonts/type1/public/amsfonts/cm/cmbx10.pfb><c:/texlive/2022/texmf-dist/fonts/type1/public/amsfonts/cm/cmex10.pfb><c:/texlive/2022/texmf-dist/fonts/type1/public/amsfonts/cm/cmmi10.pfb><c:/texlive/2022/texmf-dist/fonts/type1/public/amsfonts/cm/cmmi7.pfb><c:/texlive/2022/texmf-dist/fonts/type1/public/amsfonts/cm/cmr10.pfb><c:/texlive/2022/texmf-dist/fonts/type1/public/amsfonts/cm/cmr12.pfb><c:/texlive/2022/texmf-dist/fonts/type1/public/amsfonts/cm/cmr7.pfb><c:/texlive/2022/texmf-dist/fonts/type1/public/amsfonts/cm/cmsl10.pfb><c:/texlive/2022/texmf-dist/fonts/type1/public/amsfonts/cm/cmsy10.pfb><c:/texlive/2022/texmf-dist/fonts/type1/public/amsfonts/cm/cmsy7.pfb><c:/texlive/2022/texmf-dist/fonts/type1/public/amsfonts/cm/cmti10.pfb><c:/texlive/2022/texmf-dist/fonts/type1/public/amsfonts/cm/cmtt10.pfb><c:/texlive/2022/texmf-dist/fonts/type1/public/amsfonts/symbols/msbm10.pfb><c:/texlive/2022/texmf-dist/fonts/type1/public/cm-super/sfrm1000.pfb>
Output written on hw01.pdf (34 pages, 1293468 bytes).
PDF statistics:
 510 PDF objects out of 1000 (max. 8388607)
 308 compressed objects within 4 object streams
 56 named destinations out of 1000 (max. 500000)
 264 words of extra memory for PDF output out of 10000 (max. 10000000)

